<?xml version="1.0" encoding="UTF-8"?>
<!-- Generated by org.testng.reporters.JUnitXMLReporter -->
<testsuite hostname="LAPTOP-LNB1H88U" ignored="0" name="Test" tests="6" failures="0" timestamp="20 Sep 2021 22:50:36 GMT" time="0.041" errors="0">
  <testcase name="deleteTwitter" time="0.007" classname="com.wbl.mavenseleniumjava.RestApiTest"/>
  <testcase name="postJira" time="0.001" classname="com.wbl.mavenseleniumjava.RestApiTest"/>
  <testcase name="BrowserAutomation" time="0.0" classname="com.wbl.mavenseleniumjava.SeleniumTest"/>
  <testcase name="elementsUi" time="0.0" classname="com.wbl.mavenseleniumjava.SeleniumTest"/>
  <testcase name="IosApps" time="0.0" classname="com.wbl.mavenseleniumjava.AppiumTest"/>
  <testcase name="NativeApiAndroid" time="0.001" classname="com.wbl.mavenseleniumjava.AppiumTest"/>
</testsuite> <!-- Test -->
