<?xml version="1.0" encoding="UTF-8"?>
<testng-results skipped="0" failed="0" ignored="0" total="6" passed="6">
  <reporter-output>
  </reporter-output>
  <suite name="Suite" duration-ms="41" started-at="2021-09-20T22:50:36Z" finished-at="2021-09-20T22:50:36Z">
    <groups>
    </groups>
    <test name="Test" duration-ms="41" started-at="2021-09-20T22:50:36Z" finished-at="2021-09-20T22:50:36Z">
      <class name="com.wbl.mavenseleniumjava.RestApiTest">
        <test-method status="PASS" signature="deleteTwitter()[pri:0, instance:com.wbl.mavenseleniumjava.RestApiTest@3e3047e6]" name="deleteTwitter" duration-ms="7" started-at="2021-09-20T22:50:36Z" finished-at="2021-09-20T22:50:36Z">
          <reporter-output>
          </reporter-output>
        </test-method> <!-- deleteTwitter -->
        <test-method status="PASS" signature="postJira()[pri:0, instance:com.wbl.mavenseleniumjava.RestApiTest@3e3047e6]" name="postJira" duration-ms="1" started-at="2021-09-20T22:50:36Z" finished-at="2021-09-20T22:50:36Z">
          <reporter-output>
          </reporter-output>
        </test-method> <!-- postJira -->
      </class> <!-- com.wbl.mavenseleniumjava.RestApiTest -->
      <class name="com.wbl.mavenseleniumjava.SeleniumTest">
        <test-method status="PASS" signature="BrowserAutomation()[pri:0, instance:com.wbl.mavenseleniumjava.SeleniumTest@37e547da]" name="BrowserAutomation" duration-ms="0" started-at="2021-09-20T22:50:36Z" finished-at="2021-09-20T22:50:36Z">
          <reporter-output>
          </reporter-output>
        </test-method> <!-- BrowserAutomation -->
        <test-method status="PASS" signature="elementsUi()[pri:0, instance:com.wbl.mavenseleniumjava.SeleniumTest@37e547da]" name="elementsUi" duration-ms="0" started-at="2021-09-20T22:50:36Z" finished-at="2021-09-20T22:50:36Z">
          <reporter-output>
          </reporter-output>
        </test-method> <!-- elementsUi -->
      </class> <!-- com.wbl.mavenseleniumjava.SeleniumTest -->
      <class name="com.wbl.mavenseleniumjava.AppiumTest">
        <test-method status="PASS" signature="IosApps()[pri:0, instance:com.wbl.mavenseleniumjava.AppiumTest@2b6856dd]" name="IosApps" duration-ms="0" started-at="2021-09-20T22:50:36Z" finished-at="2021-09-20T22:50:36Z">
          <reporter-output>
          </reporter-output>
        </test-method> <!-- IosApps -->
        <test-method status="PASS" signature="NativeApiAndroid()[pri:0, instance:com.wbl.mavenseleniumjava.AppiumTest@2b6856dd]" name="NativeApiAndroid" duration-ms="1" started-at="2021-09-20T22:50:36Z" finished-at="2021-09-20T22:50:36Z">
          <reporter-output>
          </reporter-output>
        </test-method> <!-- NativeApiAndroid -->
      </class> <!-- com.wbl.mavenseleniumjava.AppiumTest -->
    </test> <!-- Test -->
  </suite> <!-- Suite -->
</testng-results>
