<?xml version="1.0" encoding="UTF-8"?>
<testsuite xmlns:xsi="http://www.w3.org/2001/XMLSchema-instance" xsi:noNamespaceSchemaLocation="https://maven.apache.org/surefire/maven-surefire-plugin/xsd/surefire-test-report-3.0.xsd" version="3.0" name="TestSuite" time="1.191" tests="6" errors="0" skipped="0" failures="0">
  <properties>
[...]
</properties>
  <testcase name="deleteTwitter" classname="com.wbl.mavenseleniumjava.RestApiTest" time="0.003">
    <system-out><![CDATA[[TestNGContentHandler] [WARN] It is strongly recommended to add "<!DOCTYPE suite SYSTEM "http://testng.org/testng-1.0.dtd" >" at the top of your file, otherwise TestNG may fail or not work as expected.
deleteTwitter() in RestApiTest
]]></system-out>
  </testcase>
  <testcase name="postJira" classname="com.wbl.mavenseleniumjava.RestApiTest" time="0.001">
    <system-out><![CDATA[postJira() in RestApiTest
]]></system-out>
  </testcase>
  <testcase name="BrowserAutomation" classname="com.wbl.mavenseleniumjava.SeleniumTest" time="0.002">
    <system-out><![CDATA[ BrowserAutomation() in SeleniumTest
]]></system-out>
  </testcase>
  <testcase name="elementsUi" classname="com.wbl.mavenseleniumjava.SeleniumTest" time="0.002">
    <system-out><![CDATA[elementsUi() in SeleniumTest
]]></system-out>
  </testcase>
  <testcase name="IosApps" classname="com.wbl.mavenseleniumjava.AppiumTest" time="0.003">
    <system-out><![CDATA[IosApps() in AppiumTest
]]></system-out>
  </testcase>
  <testcase name="NativeApiAndroid" classname="com.wbl.mavenseleniumjava.AppiumTest" time="0.001">
    <system-out><![CDATA[NativeApiAndroid() in AppiumTest
]]></system-out>
  </testcase>
</testsuite>