<?xml version="1.0" encoding="UTF-8"?>
<testng-results skipped="0" failed="0" ignored="0" total="2" passed="2">
  <reporter-output>
  </reporter-output>
  <suite name="Default suite" duration-ms="50" started-at="2021-09-17T18:50:20 MDT" finished-at="2021-09-17T18:50:20 MDT">
    <groups>
    </groups>
    <test name="Default test" duration-ms="50" started-at="2021-09-17T18:50:20 MDT" finished-at="2021-09-17T18:50:20 MDT">
      <class name="com.wbl.mavenseleniumjava.SeleniumTest">
        <test-method status="PASS" signature="BrowserAutomation()[pri:0, instance:com.wbl.mavenseleniumjava.SeleniumTest@1efed156]" name="BrowserAutomation" duration-ms="10" started-at="2021-09-17T18:50:20 MDT" finished-at="2021-09-17T18:50:20 MDT">
          <reporter-output>
          </reporter-output>
        </test-method> <!-- BrowserAutomation -->
        <test-method status="PASS" signature="elementsUi()[pri:0, instance:com.wbl.mavenseleniumjava.SeleniumTest@1efed156]" name="elementsUi" duration-ms="1" started-at="2021-09-17T18:50:20 MDT" finished-at="2021-09-17T18:50:20 MDT">
          <reporter-output>
          </reporter-output>
        </test-method> <!-- elementsUi -->
      </class> <!-- com.wbl.mavenseleniumjava.SeleniumTest -->
    </test> <!-- Default test -->
  </suite> <!-- Default suite -->
</testng-results>
